<?xml version="1.0" encoding="windows-1252" standalone="no"?>
<!DOCTYPE log SYSTEM "logger.dtd">
<log>
<record>
  <date>2018-04-08T22:43:14</date>
  <millis>1523220194601</millis>
  <sequence>0</sequence>
  <logger>jMetal</logger>
  <level>SEVERE</level>
  <class>jmetal.core.SolutionSet</class>
  <method>add</method>
  <thread>1</thread>
  <message>The population is full</message>
</record>
<record>
  <date>2018-04-08T22:43:14</date>
  <millis>1523220194606</millis>
  <sequence>1</sequence>
  <logger>jMetal</logger>
  <level>SEVERE</level>
  <class>jmetal.core.SolutionSet</class>
  <method>add</method>
  <thread>1</thread>
  <message>Capacity is : 10</message>
</record>
<record>
  <date>2018-04-08T22:43:14</date>
  <millis>1523220194607</millis>
  <sequence>2</sequence>
  <logger>jMetal</logger>
  <level>SEVERE</level>
  <class>jmetal.core.SolutionSet</class>
  <method>add</method>
  <thread>1</thread>
  <message>	 Size is: 10</message>
</record>
<record>
  <date>2018-04-08T22:43:14</date>
  <millis>1523220194608</millis>
  <sequence>3</sequence>
  <logger>jMetal</logger>
  <level>SEVERE</level>
  <class>jmetal.core.SolutionSet</class>
  <method>remove</method>
  <thread>1</thread>
  <message>Size is: 10</message>
</record>
</log>
